SF:lib/backend/datatypes.dart
DA:15,1
DA:17,0
DA:18,0
DA:19,0
DA:20,0
DA:21,0
DA:24,1
DA:25,4
DA:26,1
DA:27,1
DA:28,1
DA:31,1
DA:32,2
DA:34,0
DA:35,0
DA:38,0
DA:39,0
DA:40,0
DA:44,0
DA:45,0
DA:48,1
DA:49,3
DA:50,1
DA:53,1
DA:54,2
DA:55,1
DA:58,0
DA:60,0
DA:61,0
DA:62,0
DA:74,1
DA:75,1
DA:76,2
DA:77,3
DA:78,2
DA:79,1
DA:82,1
DA:83,2
DA:84,2
DA:85,1
DA:88,1
DA:89,2
DA:90,2
DA:91,2
DA:92,1
LF:45
LH:29
end_of_record
SF:lib/models/user.dart
DA:9,1
DA:17,0
DA:18,0
DA:19,0
DA:20,0
DA:21,0
DA:22,0
DA:26,0
DA:27,0
DA:28,0
DA:29,0
DA:30,0
DA:31,0
LF:13
LH:1
end_of_record
SF:lib/backend/ListingAPI.dart
DA:11,0
DA:12,0
DA:16,0
DA:18,0
DA:19,0
DA:20,0
DA:24,0
DA:25,0
DA:26,0
DA:30,1
DA:31,2
DA:32,4
DA:36,0
DA:38,0
DA:39,0
DA:40,0
DA:41,0
DA:45,0
DA:46,0
DA:47,0
DA:51,1
DA:52,2
DA:53,4
LF:23
LH:6
end_of_record
SF:lib/models/listing.dart
DA:14,1
DA:29,2
DA:30,1
DA:31,1
DA:32,1
DA:33,1
DA:34,1
DA:35,1
DA:36,1
DA:37,1
DA:38,1
DA:39,1
DA:40,2
DA:44,0
DA:45,0
DA:46,0
DA:47,0
DA:48,0
DA:49,0
DA:50,0
DA:51,0
DA:52,0
DA:53,0
LF:23
LH:13
end_of_record
SF:lib/backend/backend.dart
DA:16,0
DA:19,1
DA:21,2
DA:25,3
DA:28,2
DA:30,1
DA:38,2
DA:39,3
DA:41,1
DA:46,0
DA:47,0
DA:48,0
DA:49,0
DA:50,0
DA:53,0
DA:54,0
DA:56,0
DA:61,0
DA:64,0
DA:66,0
DA:70,0
DA:71,0
DA:72,0
DA:74,0
DA:78,0
DA:80,0
DA:83,0
DA:88,0
DA:89,0
DA:90,0
DA:91,0
DA:92,0
DA:95,0
DA:96,0
DA:97,0
DA:99,0
DA:104,0
DA:108,0
DA:110,0
DA:115,0
DA:118,0
DA:119,0
DA:121,0
DA:126,0
DA:128,0
DA:131,0
DA:136,0
DA:137,0
DA:139,0
DA:141,0
DA:142,0
LF:51
LH:8
end_of_record
SF:lib/backend/UserAPI.dart
DA:13,0
DA:14,0
DA:18,0
DA:19,0
DA:20,0
DA:21,0
DA:22,0
DA:26,0
DA:27,0
DA:28,0
DA:32,0
DA:33,0
DA:34,0
DA:35,0
DA:36,0
DA:40,0
DA:42,0
DA:43,0
DA:49,1
DA:50,5
DA:51,1
DA:54,0
DA:56,0
DA:61,0
DA:66,0
DA:67,0
DA:70,0
DA:72,0
DA:73,0
LF:29
LH:3
end_of_record
