SF:lib/backend/UserAPI.dart
DA:13,1
DA:14,2
DA:18,1
DA:19,1
DA:20,2
DA:21,2
DA:22,1
DA:26,1
DA:27,3
DA:28,1
DA:32,2
DA:33,2
DA:34,4
DA:35,2
DA:36,1
DA:40,1
DA:42,5
DA:43,1
DA:49,2
DA:50,10
DA:51,2
DA:54,2
DA:56,2
DA:61,1
DA:66,2
DA:67,2
DA:70,2
DA:72,5
DA:73,1
LF:29
LH:29
end_of_record
SF:lib/models/listing.dart
DA:14,5
DA:29,2
DA:30,1
DA:31,1
DA:32,1
DA:33,1
DA:34,1
DA:35,1
DA:36,1
DA:37,1
DA:38,1
DA:39,1
DA:40,2
DA:44,2
DA:45,1
DA:46,2
DA:47,1
DA:48,2
DA:49,1
DA:50,2
DA:51,2
DA:52,1
DA:53,1
LF:23
LH:23
end_of_record
SF:lib/models/user.dart
DA:9,6
DA:17,2
DA:18,1
DA:19,1
DA:20,1
DA:21,1
DA:22,1
LF:7
LH:7
end_of_record
SF:lib/backend/backend.dart
DA:16,4
DA:19,3
DA:21,6
DA:25,9
DA:28,6
DA:30,3
DA:38,4
DA:39,6
DA:41,1
DA:46,2
DA:47,4
DA:48,4
DA:49,2
DA:50,2
DA:53,2
DA:54,3
DA:56,1
DA:61,1
DA:64,3
DA:66,3
DA:70,2
DA:71,2
DA:72,1
DA:74,1
DA:78,2
DA:80,2
DA:83,1
DA:88,1
DA:89,2
DA:90,2
DA:91,1
DA:92,1
DA:95,2
DA:96,3
DA:97,2
DA:99,1
DA:104,1
DA:108,3
DA:110,3
DA:115,2
DA:118,2
DA:119,1
DA:121,1
DA:126,2
DA:128,2
DA:131,1
DA:136,1
DA:137,2
DA:139,2
DA:141,2
DA:142,1
LF:51
LH:51
end_of_record
SF:lib/backend/ListingAPI.dart
DA:11,1
DA:12,2
DA:16,1
DA:18,1
DA:19,3
DA:20,2
DA:24,1
DA:25,2
DA:26,4
DA:30,1
DA:31,2
DA:32,4
DA:36,1
DA:38,1
DA:39,3
DA:40,2
DA:41,2
DA:45,1
DA:46,1
DA:47,4
DA:51,2
DA:52,4
DA:53,4
LF:23
LH:23
end_of_record
SF:lib/backend/datatypes.dart
DA:15,6
DA:17,1
DA:18,3
DA:19,1
DA:20,1
DA:21,1
DA:24,2
DA:25,7
DA:26,1
DA:27,1
DA:28,1
DA:31,1
DA:32,2
DA:34,0
DA:35,0
DA:38,0
DA:39,0
DA:40,0
DA:43,0
DA:46,1
DA:47,3
DA:48,1
DA:51,2
DA:52,4
DA:53,2
DA:56,1
DA:58,6
DA:59,2
DA:60,1
DA:72,1
DA:73,1
DA:74,2
DA:75,3
DA:76,2
DA:77,1
DA:80,1
DA:81,2
DA:82,2
DA:83,1
DA:86,1
DA:87,2
DA:88,2
DA:89,2
DA:90,1
LF:44
LH:38
end_of_record
SF:lib/components/listing_preview.dart
DA:12,2
DA:14,2
DA:17,4
DA:18,2
DA:19,0
DA:21,0
DA:22,0
DA:24,0
DA:27,2
DA:29,2
DA:30,2
DA:31,2
DA:33,2
DA:34,2
DA:35,4
DA:39,8
DA:43,10
DA:44,2
DA:46,2
DA:47,2
DA:48,8
DA:53,10
LF:22
LH:18
end_of_record
SF:lib/screens/favorites.dart
DA:8,1
DA:10,1
DA:12,2
DA:15,3
DA:20,2
DA:23,1
DA:24,2
DA:25,1
DA:26,1
DA:27,2
LF:10
LH:10
end_of_record
SF:lib/backend/utils.dart
DA:4,3
DA:5,3
DA:6,3
DA:7,3
LF:4
LH:4
end_of_record
SF:lib/components/listing_fullscreen.dart
DA:11,2
DA:13,1
DA:16,2
DA:17,1
DA:18,1
DA:19,3
DA:21,1
DA:22,1
DA:23,1
DA:25,1
DA:26,1
DA:27,1
DA:28,1
DA:29,4
DA:33,1
DA:34,1
DA:36,1
DA:37,1
DA:38,2
DA:41,1
DA:42,1
DA:43,3
DA:44,0
DA:45,0
DA:46,0
DA:47,0
DA:49,2
DA:60,1
DA:61,1
DA:62,3
DA:63,1
DA:65,1
DA:66,1
DA:68,1
DA:69,1
DA:70,3
DA:71,1
DA:73,1
DA:74,3
DA:75,1
DA:79,1
DA:80,1
DA:81,1
DA:83,1
DA:85,1
DA:86,1
DA:87,2
DA:88,1
DA:90,1
DA:91,1
DA:92,1
DA:94,1
DA:96,1
DA:97,1
DA:98,2
DA:99,1
DA:101,1
DA:102,1
DA:103,1
DA:104,1
DA:106,1
DA:108,1
DA:109,2
DA:112,2
LF:64
LH:60
end_of_record
SF:lib/components/login.dart
DA:9,1
DA:10,1
DA:21,1
DA:22,1
DA:23,2
DA:24,1
DA:28,2
DA:29,1
DA:34,1
DA:35,3
DA:36,2
DA:37,1
DA:41,2
DA:42,1
DA:47,1
DA:49,1
DA:50,1
DA:51,1
DA:52,1
DA:54,1
DA:55,1
DA:56,1
DA:57,1
DA:59,1
DA:60,1
DA:61,1
DA:62,1
DA:63,1
DA:64,1
DA:69,1
DA:70,1
DA:72,1
DA:77,1
DA:78,1
DA:83,1
DA:84,1
DA:85,1
DA:86,1
DA:92,1
DA:93,3
DA:94,1
DA:96,0
DA:97,0
DA:98,0
DA:100,0
DA:110,3
DA:111,2
DA:112,2
DA:114,0
DA:124,2
DA:133,1
DA:134,1
DA:135,1
DA:136,1
DA:140,1
DA:141,2
DA:142,2
LF:57
LH:52
end_of_record
